=== START pr-speed @ 2026-04-14T15:45:47-04:00 ===
[1m[32m   Compiling[0m num-traits v0.2.19
[1m[32m   Compiling[0m serde_core v1.0.228
[1m[32m   Compiling[0m libm v0.2.16
[1m[32m   Compiling[0m typenum v1.19.0
[1m[32m   Compiling[0m serde v1.0.228
[1m[32m   Compiling[0m syn v2.0.117
[1m[32m   Compiling[0m nano-gemm-f64 v0.1.0
[1m[32m   Compiling[0m nano-gemm-f32 v0.1.0
[1m[32m   Compiling[0m zerocopy v0.8.48
[1m[32m   Compiling[0m windows-sys v0.61.2
[1m[32m   Compiling[0m rand_core v0.6.4
[1m[32m   Compiling[0m either v1.15.0
[1m[32m   Compiling[0m memchr v2.8.0
[1m[32m   Compiling[0m ciborium-io v0.2.2
[1m[32m   Compiling[0m plotters-backend v0.3.7
[1m[32m   Compiling[0m regex-syntax v0.8.10
[1m[32m   Compiling[0m clap_builder v4.5.21
[1m[32m   Compiling[0m itertools v0.10.5
[1m[32m   Compiling[0m cast v0.3.0
[1m[32m   Compiling[0m generic-array v0.14.7
[1m[32m   Compiling[0m plotters-svg v0.3.7
[1m[32m   Compiling[0m rayon v1.10.0
[1m[32m   Compiling[0m anes v0.1.6
[1m[32m   Compiling[0m winapi-util v0.1.11
[1m[32m   Compiling[0m is-terminal v0.4.17
[1m[32m   Compiling[0m oorandom v11.1.5
[1m[32m   Compiling[0m block-buffer v0.10.4
[1m[32m   Compiling[0m crypto-common v0.1.7
[1m[32m   Compiling[0m same-file v1.0.6
[1m[32m   Compiling[0m digest v0.10.7
[1m[32m   Compiling[0m walkdir v2.5.0
[1m[32m   Compiling[0m regex-automata v0.4.14
[1m[32m   Compiling[0m sha2 v0.10.9
[1m[32m   Compiling[0m plotters v0.3.7
[1m[32m   Compiling[0m criterion-plot v0.5.0
[1m[32m   Compiling[0m clap v4.5.21
[1m[32m   Compiling[0m bytemuck_derive v1.10.2
[1m[32m   Compiling[0m equator-macro v0.2.1
[1m[32m   Compiling[0m equator-macro v0.4.2
[1m[32m   Compiling[0m serde_derive v1.0.228
[1m[32m   Compiling[0m thiserror-impl v2.0.18
[1m[32m   Compiling[0m regex v1.12.3
[1m[32m   Compiling[0m equator v0.2.2
[1m[32m   Compiling[0m equator v0.4.2
[1m[32m   Compiling[0m bytemuck v1.25.0
[1m[32m   Compiling[0m thiserror v2.0.18
[1m[32m   Compiling[0m num-complex v0.4.6
[1m[32m   Compiling[0m dyn-stack v0.13.2
[1m[32m   Compiling[0m half v2.4.1
[1m[32m   Compiling[0m dyn-stack v0.10.0
[1m[32m   Compiling[0m ppv-lite86 v0.2.21
[1m[32m   Compiling[0m rand_chacha v0.3.1
[1m[32m   Compiling[0m ciborium-ll v0.2.2
[1m[32m   Compiling[0m pulp v0.21.5
[1m[32m   Compiling[0m nano-gemm-c64 v0.1.0
[1m[32m   Compiling[0m nano-gemm-c32 v0.1.0
[1m[32m   Compiling[0m pulp v0.18.22
[1m[32m   Compiling[0m serde_json v1.0.140
[1m[32m   Compiling[0m ciborium v0.2.2
[1m[32m   Compiling[0m faer-entity v0.19.2
[1m[32m   Compiling[0m tinytemplate v1.2.1
[1m[32m   Compiling[0m criterion v0.5.1
[1m[32m   Compiling[0m gemm-common v0.18.2
[1m[32m   Compiling[0m gemm-c64 v0.18.2
[1m[32m   Compiling[0m gemm-c32 v0.18.2
[1m[32m   Compiling[0m gemm-f64 v0.18.2
[1m[32m   Compiling[0m gemm-f32 v0.18.2
[1m[32m   Compiling[0m gemm v0.18.2
[1m[32m   Compiling[0m nano-gemm v0.1.3
[1m[32m   Compiling[0m faer v0.19.4
[1m[32m   Compiling[0m tinyquant-core v0.1.0 (C:\Users\aaqui\better-with-models\TinyQuant\.worktrees\phase-22-25-release-chain\rust\crates\tinyquant-core)
[1m[32m   Compiling[0m tinyquant-bruteforce v0.1.0 (C:\Users\aaqui\better-with-models\TinyQuant\.worktrees\phase-22-25-release-chain\rust\crates\tinyquant-bruteforce)
[1m[32m   Compiling[0m tinyquant-io v0.1.0 (C:\Users\aaqui\better-with-models\TinyQuant\.worktrees\phase-22-25-release-chain\rust\crates\tinyquant-io)
[1m[32m   Compiling[0m tinyquant-bench v0.1.0 (C:\Users\aaqui\better-with-models\TinyQuant\.worktrees\phase-22-25-release-chain\rust\crates\tinyquant-bench)
[1m[32m    Finished[0m ]8;;https://doc.rust-lang.org/cargo/reference/profiles.html#default-profiles\`release` profile [optimized]]8;;\ target(s) in 1m 16s
[1m[32m     Running[0m unittests src\lib.rs (target\release\deps\tinyquant_bench-4e953cb5f10c84b3.exe)

running 0 tests

test result: ok. 0 passed; 0 failed; 0 ignored; 0 measured; 5 filtered out; finished in 0.00s

[1m[32m     Running[0m tests\calibration.rs (target\release\deps\calibration-435269028e55c13e.exe)

running 5 tests
test pr_speed_bw2_residual_off_meets_thresholds has been running for over 60 seconds
test pr_speed_bw2_residual_on_meets_thresholds has been running for over 60 seconds
test pr_speed_bw4_residual_off_meets_thresholds has been running for over 60 seconds
test pr_speed_bw4_residual_on_meets_thresholds has been running for over 60 seconds
test pr_speed_bw8_residual_on_meets_thresholds has been running for over 60 seconds
test pr_speed_bw2_residual_off_meets_thresholds ... FAILED
test pr_speed_bw4_residual_on_meets_thresholds ... FAILED
test pr_speed_bw4_residual_off_meets_thresholds ... FAILED
test pr_speed_bw8_residual_on_meets_thresholds ... FAILED
test pr_speed_bw2_residual_on_meets_thresholds ... FAILED

failures:

---- pr_speed_bw2_residual_off_meets_thresholds stdout ----
thread 'pr_speed_bw2_residual_off_meets_thresholds' panicked at crates\tinyquant-bench\tests\calibration.rs:159:5:
bw=2 residual=false: Pearson ρ=0.5119 < threshold 0.85
note: run with `RUST_BACKTRACE=1` environment variable to display a backtrace

---- pr_speed_bw4_residual_on_meets_thresholds stdout ----
thread 'pr_speed_bw4_residual_on_meets_thresholds' panicked at crates\tinyquant-bench\tests\calibration.rs:169:5:
bw=4 residual=true: compression ratio=1.60 < threshold 7

---- pr_speed_bw4_residual_off_meets_thresholds stdout ----
thread 'pr_speed_bw4_residual_off_meets_thresholds' panicked at crates\tinyquant-bench\tests\calibration.rs:159:5:
bw=4 residual=false: Pearson ρ=0.9573 < threshold 0.98

---- pr_speed_bw8_residual_on_meets_thresholds stdout ----
thread 'pr_speed_bw8_residual_on_meets_thresholds' panicked at crates\tinyquant-bench\tests\calibration.rs:169:5:
bw=8 residual=true: compression ratio=1.33 < threshold 4

---- pr_speed_bw2_residual_on_meets_thresholds stdout ----
thread 'pr_speed_bw2_residual_on_meets_thresholds' panicked at crates\tinyquant-bench\tests\calibration.rs:169:5:
bw=2 residual=true: compression ratio=1.78 < threshold 14


failures:
    pr_speed_bw2_residual_off_meets_thresholds
    pr_speed_bw2_residual_on_meets_thresholds
    pr_speed_bw4_residual_off_meets_thresholds
    pr_speed_bw4_residual_on_meets_thresholds
    pr_speed_bw8_residual_on_meets_thresholds

test result: FAILED. 0 passed; 5 failed; 0 ignored; 0 measured; 6 filtered out; finished in 424.80s

[1m[31merror[0m[1m:[0m test failed, to rerun pass `-p tinyquant-bench --test calibration`
=== END   pr-speed rc=101 elapsed=502s ===
=== START full-bw2 @ 2026-04-14T15:54:09-04:00 ===
[1m[32m    Finished[0m ]8;;https://doc.rust-lang.org/cargo/reference/profiles.html#default-profiles\`release` profile [optimized]]8;;\ target(s) in 0.39s
[1m[32m     Running[0m unittests src\lib.rs (target\release\deps\tinyquant_bench-4e953cb5f10c84b3.exe)

running 0 tests

test result: ok. 0 passed; 0 failed; 0 ignored; 0 measured; 5 filtered out; finished in 0.00s

[1m[32m     Running[0m tests\calibration.rs (target\release\deps\calibration-435269028e55c13e.exe)

running 2 tests
test full_bw2_residual_off_meets_thresholds has been running for over 60 seconds
test full_bw2_residual_on_meets_thresholds has been running for over 60 seconds
